{"/Users/derick/code/VirtualStore/src/components/Header/Header.tsx": {"path":"/Users/derick/code/VirtualStore/src/components/Header/Header.tsx","statementMap":{"0":{"start":{"line":17,"column":22},"end":{"line":36,"column":1}},"1":{"start":{"line":18,"column":25},"end":{"line":18,"column":73}},"2":{"start":{"line":18,"column":55},"end":{"line":18,"column":72}},"3":{"start":{"line":19,"column":23},"end":{"line":19,"column":38}},"4":{"start":{"line":21,"column":2},"end":{"line":35,"column":4}},"5":{"start":{"line":26,"column":23},"end":{"line":26,"column":60}}},"fnMap":{"0":{"name":"(anonymous_0)","decl":{"start":{"line":17,"column":22},"end":{"line":17,"column":23}},"loc":{"start":{"line":17,"column":55},"end":{"line":36,"column":1}},"line":17},"1":{"name":"(anonymous_1)","decl":{"start":{"line":18,"column":37},"end":{"line":18,"column":38}},"loc":{"start":{"line":18,"column":55},"end":{"line":18,"column":72}},"line":18},"2":{"name":"(anonymous_2)","decl":{"start":{"line":26,"column":17},"end":{"line":26,"column":18}},"loc":{"start":{"line":26,"column":23},"end":{"line":26,"column":60}},"line":26}},"branchMap":{"0":{"loc":{"start":{"line":29,"column":11},"end":{"line":31,"column":11}},"type":"cond-expr","locations":[{"start":{"line":29,"column":37},"end":{"line":29,"column":41}},{"start":{"line":30,"column":12},"end":{"line":30,"column":69}}],"line":29}},"s":{"0":2,"1":5,"2":10,"3":5,"4":5,"5":1},"f":{"0":5,"1":10,"2":1},"b":{"0":[4,1]},"_coverageSchema":"1a1c01bbd47fc00a2c39e90264f33305004495a9","hash":"055cd34a2efe1b1e1f96cca8e8a172432b285a76"}
,"/Users/derick/code/VirtualStore/src/components/UI/Button/Button.tsx": {"path":"/Users/derick/code/VirtualStore/src/components/UI/Button/Button.tsx","statementMap":{"0":{"start":{"line":13,"column":22},"end":{"line":25,"column":1}},"1":{"start":{"line":20,"column":2},"end":{"line":24,"column":4}}},"fnMap":{"0":{"name":"(anonymous_0)","decl":{"start":{"line":13,"column":22},"end":{"line":13,"column":23}},"loc":{"start":{"line":19,"column":19},"end":{"line":25,"column":1}},"line":19}},"branchMap":{"0":{"loc":{"start":{"line":16,"column":2},"end":{"line":16,"column":21}},"type":"default-arg","locations":[{"start":{"line":16,"column":12},"end":{"line":16,"column":21}}],"line":16},"1":{"loc":{"start":{"line":21,"column":33},"end":{"line":21,"column":71}},"type":"cond-expr","locations":[{"start":{"line":21,"column":61},"end":{"line":21,"column":66}},{"start":{"line":21,"column":69},"end":{"line":21,"column":71}}],"line":21},"2":{"loc":{"start":{"line":22,"column":7},"end":{"line":22,"column":46}},"type":"cond-expr","locations":[{"start":{"line":22,"column":15},"end":{"line":22,"column":35}},{"start":{"line":22,"column":38},"end":{"line":22,"column":46}}],"line":22}},"s":{"0":3,"1":28},"f":{"0":28},"b":{"0":[8],"1":[20,8],"2":[1,27]},"_coverageSchema":"1a1c01bbd47fc00a2c39e90264f33305004495a9","hash":"94d2ce96cb969863e265d80071c50aa281870794"}
,"/Users/derick/code/VirtualStore/src/components/UI/Text/Text.tsx": {"path":"/Users/derick/code/VirtualStore/src/components/UI/Text/Text.tsx","statementMap":{"0":{"start":{"line":5,"column":20},"end":{"line":7,"column":1}},"1":{"start":{"line":6,"column":2},"end":{"line":6,"column":47}}},"fnMap":{"0":{"name":"(anonymous_0)","decl":{"start":{"line":5,"column":20},"end":{"line":5,"column":21}},"loc":{"start":{"line":5,"column":58},"end":{"line":7,"column":1}},"line":5}},"branchMap":{},"s":{"0":4,"1":107},"f":{"0":107},"b":{},"_coverageSchema":"1a1c01bbd47fc00a2c39e90264f33305004495a9","hash":"45d91f4e0ccc9ac6393a122fd545e5a46848e2c3"}
,"/Users/derick/code/VirtualStore/src/navigation/index.tsx": {"path":"/Users/derick/code/VirtualStore/src/navigation/index.tsx","statementMap":{"0":{"start":{"line":7,"column":14},"end":{"line":7,"column":42}},"1":{"start":{"line":9,"column":25},"end":{"line":27,"column":1}},"2":{"start":{"line":10,"column":2},"end":{"line":26,"column":4}}},"fnMap":{"0":{"name":"(anonymous_0)","decl":{"start":{"line":9,"column":25},"end":{"line":9,"column":26}},"loc":{"start":{"line":9,"column":31},"end":{"line":27,"column":1}},"line":9}},"branchMap":{},"s":{"0":0,"1":0,"2":0},"f":{"0":0},"b":{}}
,"/Users/derick/code/VirtualStore/src/navigation/private/index.tsx": {"path":"/Users/derick/code/VirtualStore/src/navigation/private/index.tsx","statementMap":{"0":{"start":{"line":6,"column":14},"end":{"line":6,"column":42}},"1":{"start":{"line":8,"column":32},"end":{"line":18,"column":1}},"2":{"start":{"line":9,"column":2},"end":{"line":17,"column":4}}},"fnMap":{"0":{"name":"(anonymous_0)","decl":{"start":{"line":8,"column":32},"end":{"line":8,"column":33}},"loc":{"start":{"line":8,"column":38},"end":{"line":18,"column":1}},"line":8}},"branchMap":{},"s":{"0":1,"1":1,"2":1},"f":{"0":1},"b":{},"_coverageSchema":"1a1c01bbd47fc00a2c39e90264f33305004495a9","hash":"77f6f42ae33b84c1432e43993f91be6889c2e83c"}
,"/Users/derick/code/VirtualStore/src/navigation/public/index.tsx": {"path":"/Users/derick/code/VirtualStore/src/navigation/public/index.tsx","statementMap":{"0":{"start":{"line":6,"column":14},"end":{"line":6,"column":42}},"1":{"start":{"line":8,"column":31},"end":{"line":18,"column":1}},"2":{"start":{"line":9,"column":2},"end":{"line":17,"column":4}}},"fnMap":{"0":{"name":"(anonymous_0)","decl":{"start":{"line":8,"column":31},"end":{"line":8,"column":32}},"loc":{"start":{"line":8,"column":37},"end":{"line":18,"column":1}},"line":8}},"branchMap":{},"s":{"0":0,"1":0,"2":0},"f":{"0":0},"b":{}}
,"/Users/derick/code/VirtualStore/src/views/Cart/Cart.tsx": {"path":"/Users/derick/code/VirtualStore/src/views/Cart/Cart.tsx","statementMap":{"0":{"start":{"line":9,"column":20},"end":{"line":25,"column":1}},"1":{"start":{"line":10,"column":21},"end":{"line":10,"column":36}},"2":{"start":{"line":12,"column":2},"end":{"line":24,"column":4}},"3":{"start":{"line":16,"column":33},"end":{"line":16,"column":41}}},"fnMap":{"0":{"name":"(anonymous_0)","decl":{"start":{"line":9,"column":20},"end":{"line":9,"column":21}},"loc":{"start":{"line":9,"column":26},"end":{"line":25,"column":1}},"line":9},"1":{"name":"(anonymous_1)","decl":{"start":{"line":16,"column":27},"end":{"line":16,"column":28}},"loc":{"start":{"line":16,"column":33},"end":{"line":16,"column":41}},"line":16}},"branchMap":{},"s":{"0":2,"1":1,"2":1,"3":0},"f":{"0":1,"1":0},"b":{},"_coverageSchema":"1a1c01bbd47fc00a2c39e90264f33305004495a9","hash":"76fcbb0bcf57a56b0860061a5652392b89ba6455"}
,"/Users/derick/code/VirtualStore/src/views/Cart/components/CartCharacterList/CartCharacterList.tsx": {"path":"/Users/derick/code/VirtualStore/src/views/Cart/components/CartCharacterList/CartCharacterList.tsx","statementMap":{"0":{"start":{"line":14,"column":33},"end":{"line":57,"column":1}},"1":{"start":{"line":15,"column":20},"end":{"line":15,"column":68}},"2":{"start":{"line":15,"column":50},"end":{"line":15,"column":67}},"3":{"start":{"line":16,"column":19},"end":{"line":16,"column":37}},"4":{"start":{"line":18,"column":2},"end":{"line":20,"column":3}},"5":{"start":{"line":19,"column":4},"end":{"line":19,"column":16}},"6":{"start":{"line":22,"column":27},"end":{"line":36,"column":3}},"7":{"start":{"line":23,"column":4},"end":{"line":35,"column":6}},"8":{"start":{"line":31,"column":25},"end":{"line":31,"column":56}},"9":{"start":{"line":38,"column":2},"end":{"line":56,"column":4}},"10":{"start":{"line":42,"column":8},"end":{"line":49,"column":15}}},"fnMap":{"0":{"name":"(anonymous_0)","decl":{"start":{"line":14,"column":33},"end":{"line":14,"column":34}},"loc":{"start":{"line":14,"column":39},"end":{"line":57,"column":1}},"line":14},"1":{"name":"(anonymous_1)","decl":{"start":{"line":15,"column":32},"end":{"line":15,"column":33}},"loc":{"start":{"line":15,"column":50},"end":{"line":15,"column":67}},"line":15},"2":{"name":"(anonymous_2)","decl":{"start":{"line":22,"column":27},"end":{"line":22,"column":28}},"loc":{"start":{"line":22,"column":33},"end":{"line":36,"column":3}},"line":22},"3":{"name":"(anonymous_3)","decl":{"start":{"line":31,"column":19},"end":{"line":31,"column":20}},"loc":{"start":{"line":31,"column":25},"end":{"line":31,"column":56}},"line":31},"4":{"name":"(anonymous_4)","decl":{"start":{"line":41,"column":32},"end":{"line":41,"column":33}},"loc":{"start":{"line":42,"column":8},"end":{"line":49,"column":15}},"line":42}},"branchMap":{"0":{"loc":{"start":{"line":18,"column":2},"end":{"line":20,"column":3}},"type":"if","locations":[{"start":{"line":18,"column":2},"end":{"line":20,"column":3}},{"start":{},"end":{}}],"line":18}},"s":{"0":2,"1":1,"2":1,"3":1,"4":1,"5":1,"6":0,"7":0,"8":0,"9":0,"10":0},"f":{"0":1,"1":1,"2":0,"3":0,"4":0},"b":{"0":[1,0]},"_coverageSchema":"1a1c01bbd47fc00a2c39e90264f33305004495a9","hash":"260702eec19935e3a5cff6041bd83317b72abca0"}
,"/Users/derick/code/VirtualStore/src/views/Cart/components/CartCharacterList/components/QuantitySelector/QuantitySelector.tsx": {"path":"/Users/derick/code/VirtualStore/src/views/Cart/components/CartCharacterList/components/QuantitySelector/QuantitySelector.tsx","statementMap":{"0":{"start":{"line":18,"column":32},"end":{"line":50,"column":1}},"1":{"start":{"line":19,"column":19},"end":{"line":19,"column":37}},"2":{"start":{"line":20,"column":28},"end":{"line":22,"column":3}},"3":{"start":{"line":21,"column":4},"end":{"line":21,"column":49}},"4":{"start":{"line":23,"column":25},"end":{"line":25,"column":3}},"5":{"start":{"line":24,"column":4},"end":{"line":24,"column":38}},"6":{"start":{"line":27,"column":32},"end":{"line":29,"column":3}},"7":{"start":{"line":28,"column":4},"end":{"line":28,"column":41}},"8":{"start":{"line":30,"column":2},"end":{"line":49,"column":4}}},"fnMap":{"0":{"name":"(anonymous_0)","decl":{"start":{"line":18,"column":32},"end":{"line":18,"column":33}},"loc":{"start":{"line":18,"column":74},"end":{"line":50,"column":1}},"line":18},"1":{"name":"(anonymous_1)","decl":{"start":{"line":20,"column":28},"end":{"line":20,"column":29}},"loc":{"start":{"line":20,"column":34},"end":{"line":22,"column":3}},"line":20},"2":{"name":"(anonymous_2)","decl":{"start":{"line":23,"column":25},"end":{"line":23,"column":26}},"loc":{"start":{"line":23,"column":31},"end":{"line":25,"column":3}},"line":23},"3":{"name":"(anonymous_3)","decl":{"start":{"line":27,"column":32},"end":{"line":27,"column":33}},"loc":{"start":{"line":27,"column":38},"end":{"line":29,"column":3}},"line":27}},"branchMap":{},"s":{"0":2,"1":0,"2":0,"3":0,"4":0,"5":0,"6":0,"7":0,"8":0},"f":{"0":0,"1":0,"2":0,"3":0},"b":{},"_coverageSchema":"1a1c01bbd47fc00a2c39e90264f33305004495a9","hash":"0770e6a95752d23b39ed5c56484d65aa201e739d"}
,"/Users/derick/code/VirtualStore/src/views/Cart/components/CartEmptyState/CartEmptyState.tsx": {"path":"/Users/derick/code/VirtualStore/src/views/Cart/components/CartEmptyState/CartEmptyState.tsx","statementMap":{"0":{"start":{"line":10,"column":30},"end":{"line":27,"column":1}},"1":{"start":{"line":11,"column":21},"end":{"line":11,"column":36}},"2":{"start":{"line":12,"column":20},"end":{"line":12,"column":68}},"3":{"start":{"line":12,"column":50},"end":{"line":12,"column":67}},"4":{"start":{"line":14,"column":2},"end":{"line":16,"column":3}},"5":{"start":{"line":15,"column":4},"end":{"line":15,"column":16}},"6":{"start":{"line":18,"column":2},"end":{"line":26,"column":4}},"7":{"start":{"line":22,"column":29},"end":{"line":22,"column":37}}},"fnMap":{"0":{"name":"(anonymous_0)","decl":{"start":{"line":10,"column":30},"end":{"line":10,"column":31}},"loc":{"start":{"line":10,"column":36},"end":{"line":27,"column":1}},"line":10},"1":{"name":"(anonymous_1)","decl":{"start":{"line":12,"column":32},"end":{"line":12,"column":33}},"loc":{"start":{"line":12,"column":50},"end":{"line":12,"column":67}},"line":12},"2":{"name":"(anonymous_2)","decl":{"start":{"line":22,"column":23},"end":{"line":22,"column":24}},"loc":{"start":{"line":22,"column":29},"end":{"line":22,"column":37}},"line":22}},"branchMap":{"0":{"loc":{"start":{"line":14,"column":2},"end":{"line":16,"column":3}},"type":"if","locations":[{"start":{"line":14,"column":2},"end":{"line":16,"column":3}},{"start":{},"end":{}}],"line":14}},"s":{"0":2,"1":1,"2":1,"3":1,"4":1,"5":0,"6":1,"7":0},"f":{"0":1,"1":1,"2":0},"b":{"0":[0,1]},"_coverageSchema":"1a1c01bbd47fc00a2c39e90264f33305004495a9","hash":"5455a613453c38bb75273c5c35a31a8391e05aa3"}
,"/Users/derick/code/VirtualStore/src/views/Dev/Dev.tsx": {"path":"/Users/derick/code/VirtualStore/src/views/Dev/Dev.tsx","statementMap":{"0":{"start":{"line":7,"column":19},"end":{"line":28,"column":1}},"1":{"start":{"line":8,"column":23},"end":{"line":8,"column":38}},"2":{"start":{"line":10,"column":18},"end":{"line":12,"column":3}},"3":{"start":{"line":11,"column":4},"end":{"line":11,"column":50}},"4":{"start":{"line":14,"column":24},"end":{"line":16,"column":3}},"5":{"start":{"line":15,"column":4},"end":{"line":15,"column":46}},"6":{"start":{"line":18,"column":2},"end":{"line":27,"column":4}}},"fnMap":{"0":{"name":"(anonymous_0)","decl":{"start":{"line":7,"column":19},"end":{"line":7,"column":20}},"loc":{"start":{"line":7,"column":25},"end":{"line":28,"column":1}},"line":7},"1":{"name":"(anonymous_1)","decl":{"start":{"line":10,"column":18},"end":{"line":10,"column":19}},"loc":{"start":{"line":10,"column":24},"end":{"line":12,"column":3}},"line":10},"2":{"name":"(anonymous_2)","decl":{"start":{"line":14,"column":24},"end":{"line":14,"column":25}},"loc":{"start":{"line":14,"column":30},"end":{"line":16,"column":3}},"line":14}},"branchMap":{},"s":{"0":0,"1":0,"2":0,"3":0,"4":0,"5":0,"6":0},"f":{"0":0,"1":0,"2":0},"b":{}}
,"/Users/derick/code/VirtualStore/src/views/Home/Home.tsx": {"path":"/Users/derick/code/VirtualStore/src/views/Home/Home.tsx","statementMap":{"0":{"start":{"line":10,"column":20},"end":{"line":19,"column":1}},"1":{"start":{"line":11,"column":2},"end":{"line":18,"column":4}}},"fnMap":{"0":{"name":"(anonymous_0)","decl":{"start":{"line":10,"column":20},"end":{"line":10,"column":21}},"loc":{"start":{"line":10,"column":26},"end":{"line":19,"column":1}},"line":10}},"branchMap":{},"s":{"0":2,"1":3},"f":{"0":3},"b":{},"_coverageSchema":"1a1c01bbd47fc00a2c39e90264f33305004495a9","hash":"de0936139525407db77466d017d71b95173deab3"}
,"/Users/derick/code/VirtualStore/src/views/Home/components/CharacterList/CharacterList.tsx": {"path":"/Users/derick/code/VirtualStore/src/views/Home/components/CharacterList/CharacterList.tsx","statementMap":{"0":{"start":{"line":13,"column":29},"end":{"line":43,"column":1}},"1":{"start":{"line":14,"column":24},"end":{"line":14,"column":76}},"2":{"start":{"line":14,"column":64},"end":{"line":14,"column":75}},"3":{"start":{"line":15,"column":26},"end":{"line":15,"column":37}},"4":{"start":{"line":16,"column":19},"end":{"line":16,"column":37}},"5":{"start":{"line":18,"column":25},"end":{"line":20,"column":3}},"6":{"start":{"line":19,"column":4},"end":{"line":19,"column":22}},"7":{"start":{"line":22,"column":2},"end":{"line":24,"column":23}},"8":{"start":{"line":23,"column":4},"end":{"line":23,"column":43}},"9":{"start":{"line":26,"column":2},"end":{"line":28,"column":3}},"10":{"start":{"line":27,"column":4},"end":{"line":27,"column":16}},"11":{"start":{"line":30,"column":2},"end":{"line":42,"column":4}},"12":{"start":{"line":37,"column":26},"end":{"line":37,"column":50}},"13":{"start":{"line":40,"column":32},"end":{"line":40,"column":62}}},"fnMap":{"0":{"name":"(anonymous_0)","decl":{"start":{"line":13,"column":29},"end":{"line":13,"column":30}},"loc":{"start":{"line":13,"column":35},"end":{"line":43,"column":1}},"line":13},"1":{"name":"(anonymous_1)","decl":{"start":{"line":14,"column":36},"end":{"line":14,"column":37}},"loc":{"start":{"line":14,"column":64},"end":{"line":14,"column":75}},"line":14},"2":{"name":"(anonymous_2)","decl":{"start":{"line":18,"column":25},"end":{"line":18,"column":26}},"loc":{"start":{"line":18,"column":31},"end":{"line":20,"column":3}},"line":18},"3":{"name":"(anonymous_3)","decl":{"start":{"line":22,"column":12},"end":{"line":22,"column":13}},"loc":{"start":{"line":22,"column":18},"end":{"line":24,"column":3}},"line":22},"4":{"name":"(anonymous_4)","decl":{"start":{"line":37,"column":20},"end":{"line":37,"column":21}},"loc":{"start":{"line":37,"column":26},"end":{"line":37,"column":50}},"line":37},"5":{"name":"(anonymous_5)","decl":{"start":{"line":40,"column":18},"end":{"line":40,"column":19}},"loc":{"start":{"line":40,"column":32},"end":{"line":40,"column":62}},"line":40}},"branchMap":{"0":{"loc":{"start":{"line":26,"column":2},"end":{"line":28,"column":3}},"type":"if","locations":[{"start":{"line":26,"column":2},"end":{"line":28,"column":3}},{"start":{},"end":{}}],"line":26}},"s":{"0":2,"1":7,"2":12,"3":7,"4":7,"5":7,"6":0,"7":7,"8":3,"9":7,"10":5,"11":2,"12":25,"13":20},"f":{"0":7,"1":12,"2":0,"3":3,"4":25,"5":20},"b":{"0":[5,2]},"_coverageSchema":"1a1c01bbd47fc00a2c39e90264f33305004495a9","hash":"6f78672a321da713b8ff5e031bdfb346edc09670"}
,"/Users/derick/code/VirtualStore/src/views/Home/components/CharacterList/components/Character/Character.tsx": {"path":"/Users/derick/code/VirtualStore/src/views/Home/components/CharacterList/components/Character/Character.tsx","statementMap":{"0":{"start":{"line":16,"column":25},"end":{"line":52,"column":1}},"1":{"start":{"line":17,"column":19},"end":{"line":17,"column":37}},"2":{"start":{"line":19,"column":30},"end":{"line":21,"column":3}},"3":{"start":{"line":20,"column":4},"end":{"line":20,"column":42}},"4":{"start":{"line":23,"column":2},"end":{"line":51,"column":4}},"5":{"start":{"line":26,"column":21},"end":{"line":26,"column":51}}},"fnMap":{"0":{"name":"(anonymous_0)","decl":{"start":{"line":16,"column":25},"end":{"line":16,"column":26}},"loc":{"start":{"line":16,"column":61},"end":{"line":52,"column":1}},"line":16},"1":{"name":"(anonymous_1)","decl":{"start":{"line":19,"column":30},"end":{"line":19,"column":31}},"loc":{"start":{"line":19,"column":64},"end":{"line":21,"column":3}},"line":19},"2":{"name":"(anonymous_2)","decl":{"start":{"line":26,"column":15},"end":{"line":26,"column":16}},"loc":{"start":{"line":26,"column":21},"end":{"line":26,"column":51}},"line":26}},"branchMap":{},"s":{"0":2,"1":20,"2":20,"3":1,"4":20,"5":1},"f":{"0":20,"1":1,"2":1},"b":{},"_coverageSchema":"1a1c01bbd47fc00a2c39e90264f33305004495a9","hash":"a674b7fe45e87fb19181aea94dae10a9e5207f98"}
,"/Users/derick/code/VirtualStore/src/views/Home/components/CharacterList/components/ListFooter/ListFooter.tsx": {"path":"/Users/derick/code/VirtualStore/src/views/Home/components/CharacterList/components/ListFooter/ListFooter.tsx","statementMap":{"0":{"start":{"line":10,"column":26},"end":{"line":20,"column":1}},"1":{"start":{"line":11,"column":19},"end":{"line":11,"column":71}},"2":{"start":{"line":11,"column":59},"end":{"line":11,"column":70}},"3":{"start":{"line":13,"column":2},"end":{"line":19,"column":4}}},"fnMap":{"0":{"name":"(anonymous_0)","decl":{"start":{"line":10,"column":26},"end":{"line":10,"column":27}},"loc":{"start":{"line":10,"column":68},"end":{"line":20,"column":1}},"line":10},"1":{"name":"(anonymous_1)","decl":{"start":{"line":11,"column":31},"end":{"line":11,"column":32}},"loc":{"start":{"line":11,"column":59},"end":{"line":11,"column":70}},"line":11}},"branchMap":{"0":{"loc":{"start":{"line":13,"column":9},"end":{"line":19,"column":3}},"type":"cond-expr","locations":[{"start":{"line":14,"column":4},"end":{"line":16,"column":11}},{"start":{"line":18,"column":4},"end":{"line":18,"column":38}}],"line":13}},"s":{"0":2,"1":2,"2":4,"3":2},"f":{"0":2,"1":4},"b":{"0":[0,2]},"_coverageSchema":"1a1c01bbd47fc00a2c39e90264f33305004495a9","hash":"fa9beee7ddbba220e536fcb1a1060d3d5ca2a5cf"}
,"/Users/derick/code/VirtualStore/src/views/Home/components/HomeError/HomeError.tsx": {"path":"/Users/derick/code/VirtualStore/src/views/Home/components/HomeError/HomeError.tsx","statementMap":{"0":{"start":{"line":6,"column":25},"end":{"line":20,"column":1}},"1":{"start":{"line":9,"column":6},"end":{"line":9,"column":58}},"2":{"start":{"line":9,"column":46},"end":{"line":9,"column":57}},"3":{"start":{"line":11,"column":2},"end":{"line":13,"column":3}},"4":{"start":{"line":12,"column":4},"end":{"line":12,"column":16}},"5":{"start":{"line":15,"column":2},"end":{"line":19,"column":4}}},"fnMap":{"0":{"name":"(anonymous_0)","decl":{"start":{"line":6,"column":25},"end":{"line":6,"column":26}},"loc":{"start":{"line":6,"column":31},"end":{"line":20,"column":1}},"line":6},"1":{"name":"(anonymous_1)","decl":{"start":{"line":9,"column":18},"end":{"line":9,"column":19}},"loc":{"start":{"line":9,"column":46},"end":{"line":9,"column":57}},"line":9}},"branchMap":{"0":{"loc":{"start":{"line":11,"column":2},"end":{"line":13,"column":3}},"type":"if","locations":[{"start":{"line":11,"column":2},"end":{"line":13,"column":3}},{"start":{},"end":{}}],"line":11}},"s":{"0":2,"1":7,"2":12,"3":7,"4":7,"5":0},"f":{"0":7,"1":12},"b":{"0":[7,0]},"_coverageSchema":"1a1c01bbd47fc00a2c39e90264f33305004495a9","hash":"515bac2f122443621cc47024bb3cdb086a38b8b6"}
,"/Users/derick/code/VirtualStore/src/views/Home/components/HomeLoading/HomeLoading.tsx": {"path":"/Users/derick/code/VirtualStore/src/views/Home/components/HomeLoading/HomeLoading.tsx","statementMap":{"0":{"start":{"line":6,"column":27},"end":{"line":20,"column":1}},"1":{"start":{"line":9,"column":6},"end":{"line":9,"column":58}},"2":{"start":{"line":9,"column":46},"end":{"line":9,"column":57}},"3":{"start":{"line":11,"column":2},"end":{"line":17,"column":3}},"4":{"start":{"line":12,"column":4},"end":{"line":16,"column":6}},"5":{"start":{"line":19,"column":2},"end":{"line":19,"column":14}}},"fnMap":{"0":{"name":"(anonymous_0)","decl":{"start":{"line":6,"column":27},"end":{"line":6,"column":28}},"loc":{"start":{"line":6,"column":33},"end":{"line":20,"column":1}},"line":6},"1":{"name":"(anonymous_1)","decl":{"start":{"line":9,"column":18},"end":{"line":9,"column":19}},"loc":{"start":{"line":9,"column":46},"end":{"line":9,"column":57}},"line":9}},"branchMap":{"0":{"loc":{"start":{"line":11,"column":2},"end":{"line":17,"column":3}},"type":"if","locations":[{"start":{"line":11,"column":2},"end":{"line":17,"column":3}},{"start":{},"end":{}}],"line":11}},"s":{"0":2,"1":7,"2":12,"3":7,"4":3,"5":4},"f":{"0":7,"1":12},"b":{"0":[3,4]},"_coverageSchema":"1a1c01bbd47fc00a2c39e90264f33305004495a9","hash":"0755c30b84bc6e4e6e349beb114297fa68357b4a"}
,"/Users/derick/code/VirtualStore/src/views/Home/navigation/index.tsx": {"path":"/Users/derick/code/VirtualStore/src/views/Home/navigation/index.tsx","statementMap":{"0":{"start":{"line":5,"column":14},"end":{"line":5,"column":42}},"1":{"start":{"line":7,"column":34},"end":{"line":16,"column":1}},"2":{"start":{"line":8,"column":2},"end":{"line":15,"column":4}}},"fnMap":{"0":{"name":"(anonymous_0)","decl":{"start":{"line":7,"column":34},"end":{"line":7,"column":35}},"loc":{"start":{"line":7,"column":40},"end":{"line":16,"column":1}},"line":7}},"branchMap":{},"s":{"0":1,"1":1,"2":1},"f":{"0":1},"b":{},"_coverageSchema":"1a1c01bbd47fc00a2c39e90264f33305004495a9","hash":"e2de792b71b29f40836ea0ea9bb9583d788e3cfc"}
}
