{"/Users/derick/code/VirtualStore/src/components/Header/Header.tsx": {"path":"/Users/derick/code/VirtualStore/src/components/Header/Header.tsx","statementMap":{"0":{"start":{"line":18,"column":22},"end":{"line":41,"column":1}},"1":{"start":{"line":19,"column":25},"end":{"line":19,"column":73}},"2":{"start":{"line":19,"column":55},"end":{"line":19,"column":72}},"3":{"start":{"line":20,"column":23},"end":{"line":20,"column":38}},"4":{"start":{"line":22,"column":2},"end":{"line":40,"column":4}}},"fnMap":{"0":{"name":"(anonymous_0)","decl":{"start":{"line":18,"column":22},"end":{"line":18,"column":23}},"loc":{"start":{"line":18,"column":55},"end":{"line":41,"column":1}},"line":18},"1":{"name":"(anonymous_1)","decl":{"start":{"line":19,"column":37},"end":{"line":19,"column":38}},"loc":{"start":{"line":19,"column":55},"end":{"line":19,"column":72}},"line":19}},"branchMap":{},"s":{"0":1,"1":1,"2":1,"3":1,"4":1},"f":{"0":1,"1":1},"b":{},"_coverageSchema":"1a1c01bbd47fc00a2c39e90264f33305004495a9","hash":"b2f4d926d2795872d9dfa6a17d77e66faa80c505"}
,"/Users/derick/code/VirtualStore/src/components/Header/stlyles.ts": {"path":"/Users/derick/code/VirtualStore/src/components/Header/stlyles.ts","statementMap":{},"fnMap":{},"branchMap":{},"s":{},"f":{},"b":{},"_coverageSchema":"1a1c01bbd47fc00a2c39e90264f33305004495a9","hash":"e9d4a215ca4b82fedaf9838cea569e013b9f7771"}
,"/Users/derick/code/VirtualStore/src/components/UI/Text/Text.tsx": {"path":"/Users/derick/code/VirtualStore/src/components/UI/Text/Text.tsx","statementMap":{"0":{"start":{"line":5,"column":20},"end":{"line":7,"column":1}},"1":{"start":{"line":6,"column":2},"end":{"line":6,"column":47}}},"fnMap":{"0":{"name":"(anonymous_0)","decl":{"start":{"line":5,"column":20},"end":{"line":5,"column":21}},"loc":{"start":{"line":5,"column":58},"end":{"line":7,"column":1}},"line":5}},"branchMap":{},"s":{"0":1,"1":1},"f":{"0":1},"b":{},"_coverageSchema":"1a1c01bbd47fc00a2c39e90264f33305004495a9","hash":"45d91f4e0ccc9ac6393a122fd545e5a46848e2c3"}
,"/Users/derick/code/VirtualStore/src/services/index.ts": {"path":"/Users/derick/code/VirtualStore/src/services/index.ts","statementMap":{"0":{"start":{"line":3,"column":24},"end":{"line":5,"column":2}}},"fnMap":{},"branchMap":{},"s":{"0":1},"f":{},"b":{},"_coverageSchema":"1a1c01bbd47fc00a2c39e90264f33305004495a9","hash":"31ffd8fa1d299ab7b865b973ff372d5becd75000"}
,"/Users/derick/code/VirtualStore/src/store/index.ts": {"path":"/Users/derick/code/VirtualStore/src/store/index.ts","statementMap":{"0":{"start":{"line":16,"column":21},"end":{"line":21,"column":2}}},"fnMap":{},"branchMap":{},"s":{"0":1},"f":{},"b":{},"_coverageSchema":"1a1c01bbd47fc00a2c39e90264f33305004495a9","hash":"2448646918aabe467036cc36ee38504507a6326d"}
,"/Users/derick/code/VirtualStore/src/views/Cart/slice/cartSlice.ts": {"path":"/Users/derick/code/VirtualStore/src/views/Cart/slice/cartSlice.ts","statementMap":{"0":{"start":{"line":22,"column":44},"end":{"line":28,"column":1}},"1":{"start":{"line":30,"column":24},"end":{"line":36,"column":1}},"2":{"start":{"line":31,"column":28},"end":{"line":33,"column":3}},"3":{"start":{"line":32,"column":17},"end":{"line":32,"column":51}},"4":{"start":{"line":35,"column":2},"end":{"line":35,"column":27}},"5":{"start":{"line":38,"column":25},"end":{"line":81,"column":2}},"6":{"start":{"line":43,"column":34},"end":{"line":45,"column":7}},"7":{"start":{"line":44,"column":21},"end":{"line":44,"column":55}},"8":{"start":{"line":47,"column":6},"end":{"line":52,"column":7}},"9":{"start":{"line":48,"column":24},"end":{"line":48,"column":61}},"10":{"start":{"line":50,"column":8},"end":{"line":50,"column":48}},"11":{"start":{"line":51,"column":8},"end":{"line":51,"column":15}},"12":{"start":{"line":54,"column":6},"end":{"line":57,"column":9}},"13":{"start":{"line":60,"column":34},"end":{"line":62,"column":7}},"14":{"start":{"line":61,"column":21},"end":{"line":61,"column":55}},"15":{"start":{"line":64,"column":6},"end":{"line":72,"column":7}},"16":{"start":{"line":65,"column":26},"end":{"line":65,"column":63}},"17":{"start":{"line":67,"column":8},"end":{"line":69,"column":9}},"18":{"start":{"line":68,"column":10},"end":{"line":68,"column":71}},"19":{"start":{"line":71,"column":8},"end":{"line":71,"column":52}},"20":{"start":{"line":75,"column":6},"end":{"line":75,"column":67}},"21":{"start":{"line":78,"column":6},"end":{"line":78,"column":28}},"22":{"start":{"line":88,"column":4},"end":{"line":88,"column":21}}},"fnMap":{"0":{"name":"(anonymous_0)","decl":{"start":{"line":30,"column":24},"end":{"line":30,"column":25}},"loc":{"start":{"line":30,"column":76},"end":{"line":36,"column":1}},"line":30},"1":{"name":"(anonymous_1)","decl":{"start":{"line":32,"column":4},"end":{"line":32,"column":5}},"loc":{"start":{"line":32,"column":17},"end":{"line":32,"column":51}},"line":32},"2":{"name":"(anonymous_2)","decl":{"start":{"line":42,"column":4},"end":{"line":42,"column":5}},"loc":{"start":{"line":42,"column":40},"end":{"line":58,"column":5}},"line":42},"3":{"name":"(anonymous_3)","decl":{"start":{"line":44,"column":8},"end":{"line":44,"column":9}},"loc":{"start":{"line":44,"column":21},"end":{"line":44,"column":55}},"line":44},"4":{"name":"(anonymous_4)","decl":{"start":{"line":59,"column":4},"end":{"line":59,"column":5}},"loc":{"start":{"line":59,"column":51},"end":{"line":73,"column":5}},"line":59},"5":{"name":"(anonymous_5)","decl":{"start":{"line":61,"column":8},"end":{"line":61,"column":9}},"loc":{"start":{"line":61,"column":21},"end":{"line":61,"column":55}},"line":61},"6":{"name":"(anonymous_6)","decl":{"start":{"line":74,"column":4},"end":{"line":74,"column":5}},"loc":{"start":{"line":74,"column":43},"end":{"line":76,"column":5}},"line":74},"7":{"name":"(anonymous_7)","decl":{"start":{"line":77,"column":4},"end":{"line":77,"column":5}},"loc":{"start":{"line":77,"column":31},"end":{"line":79,"column":5}},"line":77}},"branchMap":{"0":{"loc":{"start":{"line":47,"column":6},"end":{"line":52,"column":7}},"type":"if","locations":[{"start":{"line":47,"column":6},"end":{"line":52,"column":7}},{"start":{},"end":{}}],"line":47},"1":{"loc":{"start":{"line":64,"column":6},"end":{"line":72,"column":7}},"type":"if","locations":[{"start":{"line":64,"column":6},"end":{"line":72,"column":7}},{"start":{},"end":{}}],"line":64},"2":{"loc":{"start":{"line":67,"column":8},"end":{"line":69,"column":9}},"type":"if","locations":[{"start":{"line":67,"column":8},"end":{"line":69,"column":9}},{"start":{},"end":{}}],"line":67}},"s":{"0":1,"1":1,"2":0,"3":0,"4":0,"5":1,"6":0,"7":0,"8":0,"9":0,"10":0,"11":0,"12":0,"13":0,"14":0,"15":0,"16":0,"17":0,"18":0,"19":0,"20":0,"21":0,"22":1},"f":{"0":0,"1":0,"2":0,"3":0,"4":0,"5":0,"6":0,"7":0},"b":{"0":[0,0],"1":[0,0],"2":[0,0]},"_coverageSchema":"1a1c01bbd47fc00a2c39e90264f33305004495a9","hash":"42ecb4050ea6e63dce84f98dac6c3210c11cc2b4"}
,"/Users/derick/code/VirtualStore/src/views/Home/services/getCharacters.ts": {"path":"/Users/derick/code/VirtualStore/src/views/Home/services/getCharacters.ts","statementMap":{"0":{"start":{"line":48,"column":29},"end":{"line":49,"column":42}},"1":{"start":{"line":49,"column":2},"end":{"line":49,"column":42}}},"fnMap":{"0":{"name":"(anonymous_0)","decl":{"start":{"line":48,"column":29},"end":{"line":48,"column":30}},"loc":{"start":{"line":49,"column":2},"end":{"line":49,"column":42}},"line":49}},"branchMap":{},"s":{"0":1,"1":0},"f":{"0":0},"b":{},"_coverageSchema":"1a1c01bbd47fc00a2c39e90264f33305004495a9","hash":"2bb08cd83106d6fdba5e3b8a083025f572b724be"}
,"/Users/derick/code/VirtualStore/src/views/Home/slice/homeSlice.ts": {"path":"/Users/derick/code/VirtualStore/src/views/Home/slice/homeSlice.ts","statementMap":{"0":{"start":{"line":27,"column":44},"end":{"line":38,"column":1}},"1":{"start":{"line":40,"column":34},"end":{"line":62,"column":1}},"2":{"start":{"line":43,"column":4},"end":{"line":60,"column":5}},"3":{"start":{"line":44,"column":23},"end":{"line":44,"column":56}},"4":{"start":{"line":45,"column":34},"end":{"line":55,"column":9}},"5":{"start":{"line":45,"column":65},"end":{"line":55,"column":7}},"6":{"start":{"line":57,"column":6},"end":{"line":57,"column":66}},"7":{"start":{"line":59,"column":6},"end":{"line":59,"column":36}},"8":{"start":{"line":64,"column":25},"end":{"line":92,"column":2}},"9":{"start":{"line":69,"column":4},"end":{"line":77,"column":7}},"10":{"start":{"line":70,"column":6},"end":{"line":72,"column":8}},"11":{"start":{"line":71,"column":8},"end":{"line":71,"column":39}},"12":{"start":{"line":74,"column":6},"end":{"line":74,"column":39}},"13":{"start":{"line":76,"column":6},"end":{"line":76,"column":42}},"14":{"start":{"line":79,"column":4},"end":{"line":81,"column":7}},"15":{"start":{"line":80,"column":6},"end":{"line":80,"column":40}},"16":{"start":{"line":83,"column":4},"end":{"line":90,"column":7}},"17":{"start":{"line":84,"column":26},"end":{"line":84,"column":63}},"18":{"start":{"line":86,"column":6},"end":{"line":89,"column":8}}},"fnMap":{"0":{"name":"(anonymous_0)","decl":{"start":{"line":42,"column":2},"end":{"line":42,"column":3}},"loc":{"start":{"line":42,"column":69},"end":{"line":61,"column":3}},"line":42},"1":{"name":"(anonymous_1)","decl":{"start":{"line":45,"column":51},"end":{"line":45,"column":52}},"loc":{"start":{"line":45,"column":65},"end":{"line":55,"column":7}},"line":45},"2":{"name":"(anonymous_2)","decl":{"start":{"line":68,"column":2},"end":{"line":68,"column":3}},"loc":{"start":{"line":68,"column":25},"end":{"line":91,"column":3}},"line":68},"3":{"name":"(anonymous_3)","decl":{"start":{"line":69,"column":50},"end":{"line":69,"column":51}},"loc":{"start":{"line":69,"column":69},"end":{"line":77,"column":5}},"line":69},"4":{"name":"(anonymous_4)","decl":{"start":{"line":70,"column":40},"end":{"line":70,"column":41}},"loc":{"start":{"line":71,"column":8},"end":{"line":71,"column":39}},"line":71},"5":{"name":"(anonymous_5)","decl":{"start":{"line":79,"column":48},"end":{"line":79,"column":49}},"loc":{"start":{"line":79,"column":57},"end":{"line":81,"column":5}},"line":79},"6":{"name":"(anonymous_6)","decl":{"start":{"line":83,"column":49},"end":{"line":83,"column":50}},"loc":{"start":{"line":83,"column":68},"end":{"line":90,"column":5}},"line":83}},"branchMap":{},"s":{"0":1,"1":1,"2":0,"3":0,"4":0,"5":0,"6":0,"7":0,"8":1,"9":1,"10":0,"11":0,"12":0,"13":0,"14":1,"15":0,"16":1,"17":0,"18":0},"f":{"0":0,"1":0,"2":1,"3":0,"4":0,"5":0,"6":0},"b":{},"_coverageSchema":"1a1c01bbd47fc00a2c39e90264f33305004495a9","hash":"d99498f18c88dc80aa919c3d98d4fc92c172662e"}
}
