TN:
SF:src/components/Header/Header.tsx
FN:17,(anonymous_0)
FN:18,(anonymous_1)
FN:26,(anonymous_2)
FNF:3
FNH:3
FNDA:5,(anonymous_0)
FNDA:10,(anonymous_1)
FNDA:1,(anonymous_2)
DA:17,2
DA:18,10
DA:19,5
DA:21,5
DA:26,1
LF:5
LH:5
BRDA:29,0,0,4
BRDA:29,0,1,1
BRF:2
BRH:2
end_of_record
TN:
SF:src/components/UI/Button/Button.tsx
FN:13,(anonymous_0)
FNF:1
FNH:1
FNDA:28,(anonymous_0)
DA:13,3
DA:20,28
LF:2
LH:2
BRDA:16,0,0,8
BRDA:21,1,0,20
BRDA:21,1,1,8
BRDA:22,2,0,1
BRDA:22,2,1,27
BRF:5
BRH:5
end_of_record
TN:
SF:src/components/UI/Text/Text.tsx
FN:5,(anonymous_0)
FNF:1
FNH:1
FNDA:107,(anonymous_0)
DA:5,4
DA:6,107
LF:2
LH:2
BRF:0
BRH:0
end_of_record
TN:
SF:src/navigation/index.tsx
FN:9,(anonymous_0)
FNF:1
FNH:0
FNDA:0,(anonymous_0)
DA:7,0
DA:9,0
DA:10,0
LF:3
LH:0
BRF:0
BRH:0
end_of_record
TN:
SF:src/navigation/private/index.tsx
FN:8,(anonymous_0)
FNF:1
FNH:1
FNDA:1,(anonymous_0)
DA:6,1
DA:8,1
DA:9,1
LF:3
LH:3
BRF:0
BRH:0
end_of_record
TN:
SF:src/navigation/public/index.tsx
FN:8,(anonymous_0)
FNF:1
FNH:0
FNDA:0,(anonymous_0)
DA:6,0
DA:8,0
DA:9,0
LF:3
LH:0
BRF:0
BRH:0
end_of_record
TN:
SF:src/views/Cart/Cart.tsx
FN:9,(anonymous_0)
FN:16,(anonymous_1)
FNF:2
FNH:1
FNDA:1,(anonymous_0)
FNDA:0,(anonymous_1)
DA:9,2
DA:10,1
DA:12,1
DA:16,0
LF:4
LH:3
BRF:0
BRH:0
end_of_record
TN:
SF:src/views/Cart/components/CartCharacterList/CartCharacterList.tsx
FN:14,(anonymous_0)
FN:15,(anonymous_1)
FN:22,(anonymous_2)
FN:31,(anonymous_3)
FN:41,(anonymous_4)
FNF:5
FNH:2
FNDA:1,(anonymous_0)
FNDA:1,(anonymous_1)
FNDA:0,(anonymous_2)
FNDA:0,(anonymous_3)
FNDA:0,(anonymous_4)
DA:14,2
DA:15,1
DA:16,1
DA:18,1
DA:19,1
DA:22,0
DA:23,0
DA:31,0
DA:38,0
DA:42,0
LF:10
LH:5
BRDA:18,0,0,1
BRDA:18,0,1,0
BRF:2
BRH:1
end_of_record
TN:
SF:src/views/Cart/components/CartCharacterList/components/QuantitySelector/QuantitySelector.tsx
FN:18,(anonymous_0)
FN:20,(anonymous_1)
FN:23,(anonymous_2)
FN:27,(anonymous_3)
FNF:4
FNH:0
FNDA:0,(anonymous_0)
FNDA:0,(anonymous_1)
FNDA:0,(anonymous_2)
FNDA:0,(anonymous_3)
DA:18,2
DA:19,0
DA:20,0
DA:21,0
DA:23,0
DA:24,0
DA:27,0
DA:28,0
DA:30,0
LF:9
LH:1
BRF:0
BRH:0
end_of_record
TN:
SF:src/views/Cart/components/CartEmptyState/CartEmptyState.tsx
FN:10,(anonymous_0)
FN:12,(anonymous_1)
FN:22,(anonymous_2)
FNF:3
FNH:2
FNDA:1,(anonymous_0)
FNDA:1,(anonymous_1)
FNDA:0,(anonymous_2)
DA:10,2
DA:11,1
DA:12,1
DA:14,1
DA:15,0
DA:18,1
DA:22,0
LF:7
LH:5
BRDA:14,0,0,0
BRDA:14,0,1,1
BRF:2
BRH:1
end_of_record
TN:
SF:src/views/Dev/Dev.tsx
FN:7,(anonymous_0)
FN:10,(anonymous_1)
FN:14,(anonymous_2)
FNF:3
FNH:0
FNDA:0,(anonymous_0)
FNDA:0,(anonymous_1)
FNDA:0,(anonymous_2)
DA:7,0
DA:8,0
DA:10,0
DA:11,0
DA:14,0
DA:15,0
DA:18,0
LF:7
LH:0
BRF:0
BRH:0
end_of_record
TN:
SF:src/views/Home/Home.tsx
FN:10,(anonymous_0)
FNF:1
FNH:1
FNDA:3,(anonymous_0)
DA:10,2
DA:11,3
LF:2
LH:2
BRF:0
BRH:0
end_of_record
TN:
SF:src/views/Home/components/CharacterList/CharacterList.tsx
FN:13,(anonymous_0)
FN:14,(anonymous_1)
FN:18,(anonymous_2)
FN:22,(anonymous_3)
FN:37,(anonymous_4)
FN:40,(anonymous_5)
FNF:6
FNH:5
FNDA:7,(anonymous_0)
FNDA:12,(anonymous_1)
FNDA:0,(anonymous_2)
FNDA:3,(anonymous_3)
FNDA:25,(anonymous_4)
FNDA:20,(anonymous_5)
DA:13,2
DA:14,12
DA:15,7
DA:16,7
DA:18,7
DA:19,0
DA:22,7
DA:23,3
DA:26,7
DA:27,5
DA:30,2
DA:37,25
DA:40,20
LF:13
LH:12
BRDA:26,0,0,5
BRDA:26,0,1,2
BRF:2
BRH:2
end_of_record
TN:
SF:src/views/Home/components/CharacterList/components/Character/Character.tsx
FN:16,(anonymous_0)
FN:19,(anonymous_1)
FN:26,(anonymous_2)
FNF:3
FNH:3
FNDA:20,(anonymous_0)
FNDA:1,(anonymous_1)
FNDA:1,(anonymous_2)
DA:16,2
DA:17,20
DA:19,20
DA:20,1
DA:23,20
DA:26,1
LF:6
LH:6
BRF:0
BRH:0
end_of_record
TN:
SF:src/views/Home/components/CharacterList/components/ListFooter/ListFooter.tsx
FN:10,(anonymous_0)
FN:11,(anonymous_1)
FNF:2
FNH:2
FNDA:2,(anonymous_0)
FNDA:4,(anonymous_1)
DA:10,2
DA:11,4
DA:13,2
LF:3
LH:3
BRDA:13,0,0,0
BRDA:13,0,1,2
BRF:2
BRH:1
end_of_record
TN:
SF:src/views/Home/components/HomeError/HomeError.tsx
FN:6,(anonymous_0)
FN:9,(anonymous_1)
FNF:2
FNH:2
FNDA:7,(anonymous_0)
FNDA:12,(anonymous_1)
DA:6,2
DA:9,12
DA:11,7
DA:12,7
DA:15,0
LF:5
LH:4
BRDA:11,0,0,7
BRDA:11,0,1,0
BRF:2
BRH:1
end_of_record
TN:
SF:src/views/Home/components/HomeLoading/HomeLoading.tsx
FN:6,(anonymous_0)
FN:9,(anonymous_1)
FNF:2
FNH:2
FNDA:7,(anonymous_0)
FNDA:12,(anonymous_1)
DA:6,2
DA:9,12
DA:11,7
DA:12,3
DA:19,4
LF:5
LH:5
BRDA:11,0,0,3
BRDA:11,0,1,4
BRF:2
BRH:2
end_of_record
TN:
SF:src/views/Home/navigation/index.tsx
FN:7,(anonymous_0)
FNF:1
FNH:1
FNDA:1,(anonymous_0)
DA:5,1
DA:7,1
DA:8,1
LF:3
LH:3
BRF:0
BRH:0
end_of_record
