TN:
SF:src/components/Header/Header.tsx
FN:18,(anonymous_0)
FN:19,(anonymous_1)
FNF:2
FNH:2
FNDA:1,(anonymous_0)
FNDA:1,(anonymous_1)
DA:18,1
DA:19,1
DA:20,1
DA:22,1
LF:4
LH:4
BRF:0
BRH:0
end_of_record
TN:
SF:src/components/Header/stlyles.ts
FNF:0
FNH:0
LF:0
LH:0
BRF:0
BRH:0
end_of_record
TN:
SF:src/components/UI/Text/Text.tsx
FN:5,(anonymous_0)
FNF:1
FNH:1
FNDA:1,(anonymous_0)
DA:5,1
DA:6,1
LF:2
LH:2
BRF:0
BRH:0
end_of_record
TN:
SF:src/services/index.ts
FNF:0
FNH:0
DA:3,1
LF:1
LH:1
BRF:0
BRH:0
end_of_record
TN:
SF:src/store/index.ts
FNF:0
FNH:0
DA:16,1
LF:1
LH:1
BRF:0
BRH:0
end_of_record
TN:
SF:src/views/Cart/slice/cartSlice.ts
FN:30,(anonymous_0)
FN:32,(anonymous_1)
FN:42,(anonymous_2)
FN:44,(anonymous_3)
FN:59,(anonymous_4)
FN:61,(anonymous_5)
FN:74,(anonymous_6)
FN:77,(anonymous_7)
FNF:8
FNH:0
FNDA:0,(anonymous_0)
FNDA:0,(anonymous_1)
FNDA:0,(anonymous_2)
FNDA:0,(anonymous_3)
FNDA:0,(anonymous_4)
FNDA:0,(anonymous_5)
FNDA:0,(anonymous_6)
FNDA:0,(anonymous_7)
DA:22,1
DA:30,1
DA:31,0
DA:32,0
DA:35,0
DA:38,1
DA:43,0
DA:44,0
DA:47,0
DA:48,0
DA:50,0
DA:51,0
DA:54,0
DA:60,0
DA:61,0
DA:64,0
DA:65,0
DA:67,0
DA:68,0
DA:71,0
DA:75,0
DA:78,0
DA:88,1
LF:23
LH:4
BRDA:47,0,0,0
BRDA:47,0,1,0
BRDA:64,1,0,0
BRDA:64,1,1,0
BRDA:67,2,0,0
BRDA:67,2,1,0
BRF:6
BRH:0
end_of_record
TN:
SF:src/views/Home/services/getCharacters.ts
FN:48,(anonymous_0)
FNF:1
FNH:0
FNDA:0,(anonymous_0)
DA:48,1
DA:49,0
LF:2
LH:1
BRF:0
BRH:0
end_of_record
TN:
SF:src/views/Home/slice/homeSlice.ts
FN:42,(anonymous_0)
FN:45,(anonymous_1)
FN:68,(anonymous_2)
FN:69,(anonymous_3)
FN:70,(anonymous_4)
FN:79,(anonymous_5)
FN:83,(anonymous_6)
FNF:7
FNH:1
FNDA:0,(anonymous_0)
FNDA:0,(anonymous_1)
FNDA:1,(anonymous_2)
FNDA:0,(anonymous_3)
FNDA:0,(anonymous_4)
FNDA:0,(anonymous_5)
FNDA:0,(anonymous_6)
DA:27,1
DA:40,1
DA:43,0
DA:44,0
DA:45,0
DA:57,0
DA:59,0
DA:64,1
DA:69,1
DA:70,0
DA:71,0
DA:74,0
DA:76,0
DA:79,1
DA:80,0
DA:83,1
DA:84,0
DA:86,0
LF:18
LH:6
BRF:0
BRH:0
end_of_record
